# JRE version: OpenJDK Runtime Environment Microsoft-13106358 (17.0.18+8) (build 17.0.18+8-LTS)
# Java VM: OpenJDK 64-Bit Server VM Microsoft-13106358 (17.0.18+8-LTS, mixed mode, emulated-client, sharing, tiered, compressed oops, compressed class ptrs, g1 gc, windows-amd64)
GC Precious Log:
 CPUs: 8 total, 8 available
 Memory: 8058M
 Large Page Support: Disabled
 NUMA Support: Disabled
 Compressed Oops: Enabled (32-bit)
 Heap Region Size: 1M
 Heap Min Capacity: 8M
 Heap Initial Capacity: 126M
 Heap Max Capacity: 2016M
 Pre-touch: Disabled
 Parallel Workers: 8
 Concurrent Workers: 2
 Concurrent Refinement Workers: 8
 Periodic GC: Disabled
Heap:
 garbage-first heap   total 95232K, used 43942K [0x0000000082000000, 0x0000000100000000)
  region size 1024K, 5 young (5120K), 5 survivors (5120K)
 Metaspace       used 74101K, committed 74688K, reserved 1114112K
  class space    used 10733K, committed 11008K, reserved 1048576K
GC Heap History (20 events):
Event: 16.267 GC heap after
{Heap after GC invocations=12 (full 0):
 garbage-first heap   total 78848K, used 28611K [0x0000000082000000, 0x0000000100000000)
  region size 1024K, 4 young (4096K), 4 survivors (4096K)
 Metaspace       used 57720K, committed 58240K, reserved 1114112K
  class space    used 8303K, committed 8512K, reserved 1048576K
}
Event: 16.583 GC heap before
{Heap before GC invocations=12 (full 0):
 garbage-first heap   total 78848K, used 48067K [0x0000000082000000, 0x0000000100000000)
  region size 1024K, 24 young (24576K), 4 survivors (4096K)
 Metaspace       used 59791K, committed 60288K, reserved 1114112K
  class space    used 8647K, committed 8896K, reserved 1048576K
}
Event: 16.595 GC heap after
{Heap after GC invocations=13 (full 0):
 garbage-first heap   total 78848K, used 30122K [0x0000000082000000, 0x0000000100000000)
  region size 1024K, 4 young (4096K), 4 survivors (4096K)
 Metaspace       used 59791K, committed 60288K, reserved 1114112K
  class space    used 8647K, committed 8896K, reserved 1048576K
}
Event: 17.591 GC heap before
{Heap before GC invocations=14 (full 0):
 garbage-first heap   total 78848K, used 61866K [0x0000000082000000, 0x0000000100000000)
  region size 1024K, 35 young (35840K), 4 survivors (4096K)
 Metaspace       used 63846K, committed 64384K, reserved 1114112K
  class space    used 9062K, committed 9344K, reserved 1048576K
}
Event: 17.595 GC heap after
{Heap after GC invocations=15 (full 0):
 garbage-first heap   total 78848K, used 32708K [0x0000000082000000, 0x0000000100000000)
  region size 1024K, 4 young (4096K), 4 survivors (4096K)
 Metaspace       used 63846K, committed 64384K, reserved 1114112K
  class space    used 9062K, committed 9344K, reserved 1048576K
}
Event: 17.862 GC heap before
{Heap before GC invocations=15 (full 0):
 garbage-first heap   total 78848K, used 62404K [0x0000000082000000, 0x0000000100000000)
  region size 1024K, 33 young (33792K), 4 survivors (4096K)
 Metaspace       used 65534K, committed 66112K, reserved 1114112K
  class space    used 9392K, committed 9664K, reserved 1048576K
}
Event: 17.865 GC heap after
{Heap after GC invocations=16 (full 0):
 garbage-first heap   total 78848K, used 34899K [0x0000000082000000, 0x0000000100000000)
  region size 1024K, 5 young (5120K), 5 survivors (5120K)
 Metaspace       used 65534K, committed 66112K, reserved 1114112K
  class space    used 9392K, committed 9664K, reserved 1048576K
}
Event: 18.018 GC heap before
{Heap before GC invocations=16 (full 0):
 garbage-first heap   total 78848K, used 61523K [0x0000000082000000, 0x0000000100000000)
  region size 1024K, 31 young (31744K), 5 survivors (5120K)
 Metaspace       used 67124K, committed 67648K, reserved 1114112K
  class space    used 9745K, committed 9984K, reserved 1048576K
}
Event: 18.021 GC heap after
{Heap after GC invocations=17 (full 0):
 garbage-first heap   total 78848K, used 36908K [0x0000000082000000, 0x0000000100000000)
  region size 1024K, 3 young (3072K), 3 survivors (3072K)
 Metaspace       used 67124K, committed 67648K, reserved 1114112K
  class space    used 9745K, committed 9984K, reserved 1048576K
}
Event: 18.077 GC heap before
{Heap before GC invocations=17 (full 0):
 garbage-first heap   total 78848K, used 62508K [0x0000000082000000, 0x0000000100000000)
  region size 1024K, 28 young (28672K), 3 survivors (3072K)
 Metaspace       used 67134K, committed 67648K, reserved 1114112K
  class space    used 9745K, committed 9984K, reserved 1048576K
}
Event: 18.081 GC heap after
{Heap after GC invocations=18 (full 0):
 garbage-first heap   total 95232K, used 39333K [0x0000000082000000, 0x0000000100000000)
  region size 1024K, 4 young (4096K), 4 survivors (4096K)
 Metaspace       used 67134K, committed 67648K, reserved 1114112K
  class space    used 9745K, committed 9984K, reserved 1048576K
}
Event: 18.152 GC heap before
{Heap before GC invocations=18 (full 0):
 garbage-first heap   total 95232K, used 74149K [0x0000000082000000, 0x0000000100000000)
  region size 1024K, 38 young (38912K), 4 survivors (4096K)
 Metaspace       used 67136K, committed 67648K, reserved 1114112K
  class space    used 9745K, committed 9984K, reserved 1048576K
}
Event: 18.153 GC heap after
{Heap after GC invocations=19 (full 0):
 garbage-first heap   total 95232K, used 38079K [0x0000000082000000, 0x0000000100000000)
  region size 1024K, 2 young (2048K), 2 survivors (2048K)
 Metaspace       used 67136K, committed 67648K, reserved 1114112K
  class space    used 9745K, committed 9984K, reserved 1048576K
}
Event: 18.354 GC heap before
{Heap before GC invocations=19 (full 0):
 garbage-first heap   total 95232K, used 74943K [0x0000000082000000, 0x0000000100000000)
  region size 1024K, 38 young (38912K), 2 survivors (2048K)
 Metaspace       used 68539K, committed 69120K, reserved 1114112K
  class space    used 9952K, committed 10240K, reserved 1048576K
}
Event: 18.356 GC heap after
{Heap after GC invocations=20 (full 0):
 garbage-first heap   total 95232K, used 38561K [0x0000000082000000, 0x0000000100000000)
  region size 1024K, 2 young (2048K), 2 survivors (2048K)
 Metaspace       used 68539K, committed 69120K, reserved 1114112K
  class space    used 9952K, committed 10240K, reserved 1048576K
}
Event: 18.510 GC heap before
{Heap before GC invocations=20 (full 0):
 garbage-first heap   total 95232K, used 76449K [0x0000000082000000, 0x0000000100000000)
  region size 1024K, 39 young (39936K), 2 survivors (2048K)
 Metaspace       used 69023K, committed 69568K, reserved 1114112K
  class space    used 9999K, committed 10240K, reserved 1048576K
}
Event: 18.512 GC heap after
{Heap after GC invocations=21 (full 0):
 garbage-first heap   total 95232K, used 39013K [0x0000000082000000, 0x0000000100000000)
  region size 1024K, 3 young (3072K), 3 survivors (3072K)
 Metaspace       used 69023K, committed 69568K, reserved 1114112K
  class space    used 9999K, committed 10240K, reserved 1048576K
}
Event: 18.855 GC heap before
{Heap before GC invocations=21 (full 0):
 garbage-first heap   total 95232K, used 76901K [0x0000000082000000, 0x0000000100000000)
  region size 1024K, 40 young (40960K), 3 survivors (3072K)
 Metaspace       used 71017K, committed 71616K, reserved 1114112K
  class space    used 10272K, committed 10560K, reserved 1048576K
}
Event: 18.859 GC heap after
{Heap after GC invocations=22 (full 0):
 garbage-first heap   total 95232K, used 41298K [0x0000000082000000, 0x0000000100000000)
  region size 1024K, 5 young (5120K), 5 survivors (5120K)
 Metaspace       used 71017K, committed 71616K, reserved 1114112K
  class space    used 10272K, committed 10560K, reserved 1048576K
}
Event: 23.605 GC heap before
{Heap before GC invocations=22 (full 0):
 garbage-first heap   total 95232K, used 76114K [0x0000000082000000, 0x0000000100000000)
  region size 1024K, 40 young (40960K), 5 survivors (5120K)
 Metaspace       used 74101K, committed 74688K, reserved 1114112K
  class space    used 10733K, committed 11008K, reserved 1048576K
}

